

***********************************************************************
Fatal NI connect error 12541, connecting to:
 (DESCRIPTION=(ADDRESS=(PROTOCOL=TCP)(HOST=apollo.research.bell-labs.com)(PORT=1521))(CONNECT_DATA=(SERVICE_NAME=oras)(CID=(PROGRAM=)(HOST=tukey.research.bell-labs.com)(USER=dj))))

  VERSION INFORMATION:
	TNS for Linux: Version 8.1.7.0.0 - Development
	TCP/IP NT Protocol Adapter for Linux: Version 8.1.7.0.0 - Production
  Time: 13-FEB-2006 16:20:20
  Tracing not turned on.
  Tns error struct:
    nr err code: 0
    ns main err code: 12541
    TNS-12541: TNS:no listener
    ns secondary err code: 12560
    nt main err code: 511
    TNS-00511: No listener
    nt secondary err code: 111
    nt OS err code: 0


***********************************************************************
Fatal NI connect error 12541, connecting to:
 (DESCRIPTION=(ADDRESS=(PROTOCOL=TCP)(HOST=apollo.research.bell-labs.com)(PORT=1521))(CONNECT_DATA=(SERVICE_NAME=oras)(CID=(PROGRAM=)(HOST=tukey.research.bell-labs.com)(USER=dj))))

  VERSION INFORMATION:
	TNS for Linux: Version 8.1.7.0.0 - Development
	TCP/IP NT Protocol Adapter for Linux: Version 8.1.7.0.0 - Production
  Time: 13-FEB-2006 16:20:33
  Tracing not turned on.
  Tns error struct:
    nr err code: 0
    ns main err code: 12541
    TNS-12541: TNS:no listener
    ns secondary err code: 12560
    nt main err code: 511
    TNS-00511: No listener
    nt secondary err code: 111
    nt OS err code: 0
